{"contracts\\Token.sol":{"l":{"17":2,"18":1,"21":0,"24":0,"25":0,"26":0,"27":0,"33":33,"34":33,"37":0,"38":0,"41":1,"44":1,"47":4,"48":4,"49":4,"52":1,"53":1,"54":1,"57":2,"58":2,"61":0,"64":1,"67":0,"70":0},"path":"C:\\Users\\Ameer Hamza\\Documents\\GitHub\\ERC20Token\\contracts\\Token.sol","s":{"1":2,"2":0,"3":0,"4":0,"5":0,"6":0,"7":33,"8":33,"9":0,"10":0,"11":1,"12":1,"13":4,"14":4,"15":4,"16":1,"17":1,"18":1,"19":2,"20":2,"21":0,"22":1,"23":0,"24":0},"b":{"1":[1,1],"2":[0,0],"3":[0,0],"4":[4,0],"5":[1,0]},"f":{"1":2,"2":0,"3":0,"4":33,"5":0,"6":1,"7":1,"8":4,"9":1,"10":2,"11":0,"12":1,"13":0,"14":0},"fnMap":{"1":{"name":"onlyOwner","line":16,"loc":{"start":{"line":16,"column":4},"end":{"line":18,"column":4}}},"2":{"name":"transferOwnership","line":20,"loc":{"start":{"line":20,"column":4},"end":{"line":21,"column":24}}},"3":{"name":"acceptOwnership","line":23,"loc":{"start":{"line":23,"column":4},"end":{"line":28,"column":4}}},"4":{"name":"constructor","line":32,"loc":{"start":{"line":32,"column":4},"end":{"line":34,"column":26}}},"5":{"name":"mint","line":36,"loc":{"start":{"line":36,"column":4},"end":{"line":38,"column":26}}},"6":{"name":"burn","line":40,"loc":{"start":{"line":40,"column":4},"end":{"line":41,"column":34}}},"7":{"name":"decimals","line":43,"loc":{"start":{"line":43,"column":4},"end":{"line":44,"column":19}}},"8":{"name":"transfer","line":46,"loc":{"start":{"line":46,"column":4},"end":{"line":49,"column":44}}},"9":{"name":"transferFrom","line":51,"loc":{"start":{"line":51,"column":4},"end":{"line":54,"column":54}}},"10":{"name":"approve","line":56,"loc":{"start":{"line":56,"column":4},"end":{"line":58,"column":47}}},"11":{"name":"increaseAllowance","line":60,"loc":{"start":{"line":60,"column":4},"end":{"line":61,"column":61}}},"12":{"name":"decreaseAllowance","line":63,"loc":{"start":{"line":63,"column":4},"end":{"line":64,"column":66}}},"13":{"name":"pausedSet","line":66,"loc":{"start":{"line":66,"column":4},"end":{"line":67,"column":33}}},"14":{"name":"unPausedSet","line":69,"loc":{"start":{"line":69,"column":4},"end":{"line":70,"column":34}}}},"statementMap":{"1":{"start":{"line":17,"column":8},"end":{"line":17,"column":59}},"2":{"start":{"line":21,"column":8},"end":{"line":21,"column":21}},"3":{"start":{"line":24,"column":8},"end":{"line":24,"column":38}},"4":{"start":{"line":25,"column":8},"end":{"line":25,"column":50}},"5":{"start":{"line":26,"column":8},"end":{"line":26,"column":23}},"6":{"start":{"line":27,"column":8},"end":{"line":27,"column":28}},"7":{"start":{"line":33,"column":8},"end":{"line":33,"column":40}},"8":{"start":{"line":34,"column":8},"end":{"line":34,"column":24}},"9":{"start":{"line":37,"column":8},"end":{"line":37,"column":46}},"10":{"start":{"line":38,"column":8},"end":{"line":38,"column":24}},"11":{"start":{"line":41,"column":8},"end":{"line":41,"column":32}},"12":{"start":{"line":44,"column":8},"end":{"line":44,"column":17}},"13":{"start":{"line":47,"column":8},"end":{"line":47,"column":65}},"14":{"start":{"line":48,"column":8},"end":{"line":48,"column":69}},"15":{"start":{"line":49,"column":8},"end":{"line":49,"column":41}},"16":{"start":{"line":52,"column":8},"end":{"line":52,"column":72}},"17":{"start":{"line":53,"column":8},"end":{"line":53,"column":63}},"18":{"start":{"line":54,"column":8},"end":{"line":54,"column":51}},"19":{"start":{"line":57,"column":8},"end":{"line":57,"column":78}},"20":{"start":{"line":58,"column":8},"end":{"line":58,"column":45}},"21":{"start":{"line":61,"column":8},"end":{"line":61,"column":59}},"22":{"start":{"line":64,"column":8},"end":{"line":64,"column":64}},"23":{"start":{"line":67,"column":8},"end":{"line":67,"column":29}},"24":{"start":{"line":70,"column":8},"end":{"line":70,"column":31}}},"branchMap":{"1":{"line":17,"type":"if","locations":[{"start":{"line":17,"column":8},"end":{"line":17,"column":8}},{"start":{"line":17,"column":8},"end":{"line":17,"column":8}}]},"2":{"line":24,"type":"if","locations":[{"start":{"line":24,"column":8},"end":{"line":24,"column":8}},{"start":{"line":24,"column":8},"end":{"line":24,"column":8}}]},"3":{"line":37,"type":"if","locations":[{"start":{"line":37,"column":8},"end":{"line":37,"column":8}},{"start":{"line":37,"column":8},"end":{"line":37,"column":8}}]},"4":{"line":48,"type":"if","locations":[{"start":{"line":48,"column":8},"end":{"line":48,"column":8}},{"start":{"line":48,"column":8},"end":{"line":48,"column":8}}]},"5":{"line":53,"type":"if","locations":[{"start":{"line":53,"column":8},"end":{"line":53,"column":8}},{"start":{"line":53,"column":8},"end":{"line":53,"column":8}}]}}}}