{
"contracts\\Token.sol":{"l":{"16":1,"17":1,"20":0,"23":0,"24":0,"25":0,"26":0,"33":30,"34":30,"37":0,"38":0,"41":1,"44":1,"47":4,"48":4,"51":1,"54":2,"57":0,"60":1,"63":0,"66":0},"path":"C:\\Users\\Ameer Hamza\\Documents\\GitHub\\ERC20Token\\contracts\\Token.sol","s":{"1":1,"2":0,"3":0,"4":0,"5":0,"6":0,"7":30,"8":30,"9":0,"10":0,"11":1,"12":1,"13":4,"14":4,"15":1,"16":2,"17":0,"18":1,"19":0,"20":0},"b":{"1":[1,0],"2":[0,0],"3":[0,0],"4":[4,0]},"f":{"1":1,"2":0,"3":0,"4":30,"5":0,"6":1,"7":1,"8":4,"9":1,"10":2,"11":0,"12":1,"13":0,"14":0},"fnMap":{"1":{"name":"onlyOwner","line":15,"loc":{"start":{"line":15,"column":4},"end":{"line":17,"column":4}}},"2":{"name":"transferOwnership","line":19,"loc":{"start":{"line":19,"column":4},"end":{"line":20,"column":24}}},"3":{"name":"acceptOwnership","line":22,"loc":{"start":{"line":22,"column":4},"end":{"line":27,"column":4}}},"4":{"name":"constructor","line":31,"loc":{"start":{"line":31,"column":4},"end":{"line":34,"column":26}}},"5":{"name":"mint","line":36,"loc":{"start":{"line":36,"column":4},"end":{"line":38,"column":26}}},"6":{"name":"burn","line":40,"loc":{"start":{"line":40,"column":4},"end":{"line":41,"column":34}}},"7":{"name":"decimals","line":43,"loc":{"start":{"line":43,"column":4},"end":{"line":44,"column":19}}},"8":{"name":"transfer","line":46,"loc":{"start":{"line":46,"column":4},"end":{"line":48,"column":44}}},"9":{"name":"transferFrom","line":50,"loc":{"start":{"line":50,"column":4},"end":{"line":51,"column":54}}},"10":{"name":"approve","line":53,"loc":{"start":{"line":53,"column":4},"end":{"line":54,"column":47}}},"11":{"name":"increaseAllowance","line":56,"loc":{"start":{"line":56,"column":4},"end":{"line":57,"column":61}}},"12":{"name":"decreaseAllowance","line":59,"loc":{"start":{"line":59,"column":4},"end":{"line":60,"column":66}}},"13":{"name":"pausedSet","line":62,"loc":{"start":{"line":62,"column":4},"end":{"line":63,"column":33}}},"14":{"name":"unPausedSet","line":65,"loc":{"start":{"line":65,"column":4},"end":{"line":66,"column":34}}}},"statementMap":{"1":{"start":{"line":16,"column":8},"end":{"line":16,"column":59}},"2":{"start":{"line":20,"column":8},"end":{"line":20,"column":21}},"3":{"start":{"line":23,"column":8},"end":{"line":23,"column":38}},"4":{"start":{"line":24,"column":8},"end":{"line":24,"column":50}},"5":{"start":{"line":25,"column":8},"end":{"line":25,"column":23}},"6":{"start":{"line":26,"column":8},"end":{"line":26,"column":28}},"7":{"start":{"line":33,"column":8},"end":{"line":33,"column":43}},"8":{"start":{"line":34,"column":8},"end":{"line":34,"column":24}},"9":{"start":{"line":37,"column":8},"end":{"line":37,"column":46}},"10":{"start":{"line":38,"column":8},"end":{"line":38,"column":24}},"11":{"start":{"line":41,"column":8},"end":{"line":41,"column":32}},"12":{"start":{"line":44,"column":8},"end":{"line":44,"column":17}},"13":{"start":{"line":47,"column":8},"end":{"line":47,"column":69}},"14":{"start":{"line":48,"column":8},"end":{"line":48,"column":41}},"15":{"start":{"line":51,"column":8},"end":{"line":51,"column":51}},"16":{"start":{"line":54,"column":8},"end":{"line":54,"column":45}},"17":{"start":{"line":57,"column":8},"end":{"line":57,"column":59}},"18":{"start":{"line":60,"column":8},"end":{"line":60,"column":64}},"19":{"start":{"line":63,"column":8},"end":{"line":63,"column":29}},"20":{"start":{"line":66,"column":8},"end":{"line":66,"column":31}}},"branchMap":{"1":{"line":16,"type":"if","locations":[{"start":{"line":16,"column":8},"end":{"line":16,"column":8}},{"start":{"line":16,"column":8},"end":{"line":16,"column":8}}]},"2":{"line":23,"type":"if","locations":[{"start":{"line":23,"column":8},"end":{"line":23,"column":8}},{"start":{"line":23,"column":8},"end":{"line":23,"column":8}}]},"3":{"line":37,"type":"if","locations":[{"start":{"line":37,"column":8},"end":{"line":37,"column":8}},{"start":{"line":37,"column":8},"end":{"line":37,"column":8}}]},"4":{"line":47,"type":"if","locations":[{"start":{"line":47,"column":8},"end":{"line":47,"column":8}},{"start":{"line":47,"column":8},"end":{"line":47,"column":8}}]}}}}
