TN:
SF:C:\Users\Ameer Hamza\Documents\GitHub\ERC20Token\contracts\Token.sol
FN:15,onlyOwner
FN:19,transferOwnership
FN:22,acceptOwnership
FN:31,constructor
FN:36,mint
FN:40,burn
FN:43,decimals
FN:46,transfer
FN:50,transferFrom
FN:53,approve
FN:56,increaseAllowance
FN:59,decreaseAllowance
FN:62,pausedSet
FN:65,unPausedSet
FNF:14
FNH:8
FNDA:1,onlyOwner
FNDA:0,transferOwnership
FNDA:0,acceptOwnership
FNDA:30,constructor
FNDA:0,mint
FNDA:1,burn
FNDA:1,decimals
FNDA:4,transfer
FNDA:1,transferFrom
FNDA:2,approve
FNDA:0,increaseAllowance
FNDA:1,decreaseAllowance
FNDA:0,pausedSet
FNDA:0,unPausedSet
DA:16,1
DA:17,1
DA:20,0
DA:23,0
DA:24,0
DA:25,0
DA:26,0
DA:33,30
DA:34,30
DA:37,0
DA:38,0
DA:41,1
DA:44,1
DA:47,4
DA:48,4
DA:51,1
DA:54,2
DA:57,0
DA:60,1
DA:63,0
DA:66,0
LF:21
LH:11
BRDA:16,1,0,1
BRDA:16,1,1,0
BRDA:23,2,0,0
BRDA:23,2,1,0
BRDA:37,3,0,0
BRDA:37,3,1,0
BRDA:47,4,0,4
BRDA:47,4,1,0
BRF:8
BRH:2
end_of_record
