TN:
SF:C:\Users\Ameer Hamza\Documents\GitHub\ERC20Token\contracts\Token.sol
FN:16,onlyOwner
FN:20,transferOwnership
FN:23,acceptOwnership
FN:32,constructor
FN:36,mint
FN:40,burn
FN:43,decimals
FN:46,transfer
FN:51,transferFrom
FN:56,approve
FN:60,increaseAllowance
FN:63,decreaseAllowance
FN:66,pausedSet
FN:69,unPausedSet
FNF:14
FNH:8
FNDA:2,onlyOwner
FNDA:0,transferOwnership
FNDA:0,acceptOwnership
FNDA:33,constructor
FNDA:0,mint
FNDA:1,burn
FNDA:1,decimals
FNDA:4,transfer
FNDA:1,transferFrom
FNDA:2,approve
FNDA:0,increaseAllowance
FNDA:1,decreaseAllowance
FNDA:0,pausedSet
FNDA:0,unPausedSet
DA:17,2
DA:18,1
DA:21,0
DA:24,0
DA:25,0
DA:26,0
DA:27,0
DA:33,33
DA:34,33
DA:37,0
DA:38,0
DA:41,1
DA:44,1
DA:47,4
DA:48,4
DA:49,4
DA:52,1
DA:53,1
DA:54,1
DA:57,2
DA:58,2
DA:61,0
DA:64,1
DA:67,0
DA:70,0
LF:25
LH:15
BRDA:17,1,0,1
BRDA:17,1,1,1
BRDA:24,2,0,0
BRDA:24,2,1,0
BRDA:37,3,0,0
BRDA:37,3,1,0
BRDA:48,4,0,4
BRDA:48,4,1,0
BRDA:53,5,0,1
BRDA:53,5,1,0
BRF:10
BRH:4
end_of_record
